<?xml version="1.0" encoding="UTF-8"?>
<testsuite xmlns:xsi="http://www.w3.org/2001/XMLSchema-instance" xsi:noNamespaceSchemaLocation="https://maven.apache.org/surefire/maven-surefire-plugin/xsd/surefire-test-report.xsd" version="3.0.2" name="com.ecommerce.userservice.UserProfileServiceTest" time="2.883" tests="16" errors="0" skipped="0" failures="0">
  <properties>
[...]
</properties>
  <testcase name="addAddress_clearsOldDefault_whenNewIsDefault" classname="com.ecommerce.userservice.UserProfileServiceTest" time="2.494">
    <system-out><![CDATA[23:25:30.864 [main] INFO com.ecommerce.userservice.service.UserProfileService -- Added address id=null for keycloakId=kc-user-123
]]></system-out>
    <system-err><![CDATA[Jun 13, 2026 11:25:27 PM org.junit.platform.launcher.core.LauncherConfigurationParameters loadClasspathResource
WARNING: Discovered 3 'junit-platform.properties' configuration files on the classpath (see below); only the first (*) will be used.
- jar:file:/C:/Users/ksree/.m2/repository/org/apache/kafka/kafka-clients/3.8.1/kafka-clients-3.8.1-test.jar!/junit-platform.properties (*)
- jar:file:/C:/Users/ksree/.m2/repository/org/apache/kafka/kafka-server-common/3.8.1/kafka-server-common-3.8.1-test.jar!/junit-platform.properties
- jar:file:/C:/Users/ksree/.m2/repository/org/apache/kafka/kafka_2.13/3.8.1/kafka_2.13-3.8.1-test.jar!/junit-platform.properties
Jun 13, 2026 11:25:27 PM org.junit.platform.launcher.core.LauncherConfigurationParameters loadClasspathResource
WARNING: Discovered 3 'junit-platform.properties' configuration files on the classpath (see below); only the first (*) will be used.
- jar:file:/C:/Users/ksree/.m2/repository/org/apache/kafka/kafka-clients/3.8.1/kafka-clients-3.8.1-test.jar!/junit-platform.properties (*)
- jar:file:/C:/Users/ksree/.m2/repository/org/apache/kafka/kafka-server-common/3.8.1/kafka-server-common-3.8.1-test.jar!/junit-platform.properties
- jar:file:/C:/Users/ksree/.m2/repository/org/apache/kafka/kafka_2.13/3.8.1/kafka_2.13-3.8.1-test.jar!/junit-platform.properties
Jun 13, 2026 11:25:28 PM org.junit.platform.launcher.core.LauncherConfigurationParameters loadClasspathResource
WARNING: Discovered 3 'junit-platform.properties' configuration files on the classpath (see below); only the first (*) will be used.
- jar:file:/C:/Users/ksree/.m2/repository/org/apache/kafka/kafka-clients/3.8.1/kafka-clients-3.8.1-test.jar!/junit-platform.properties (*)
- jar:file:/C:/Users/ksree/.m2/repository/org/apache/kafka/kafka-server-common/3.8.1/kafka-server-common-3.8.1-test.jar!/junit-platform.properties
- jar:file:/C:/Users/ksree/.m2/repository/org/apache/kafka/kafka_2.13/3.8.1/kafka_2.13-3.8.1-test.jar!/junit-platform.properties
Mockito is currently self-attaching to enable the inline-mock-maker. This will no longer work in future releases of the JDK. Please add Mockito as an agent to your build what is described in Mockito's documentation: https://javadoc.io/doc/org.mockito/mockito-core/latest/org/mockito/Mockito.html#0.3
WARNING: A Java agent has been loaded dynamically (C:\Users\ksree\.m2\repository\net\bytebuddy\byte-buddy-agent\1.15.11\byte-buddy-agent-1.15.11.jar)
WARNING: If a serviceability tool is in use, please run with -XX:+EnableDynamicAgentLoading to hide this warning
WARNING: If a serviceability tool is not in use, please run with -Djdk.instrument.traceUsage for more information
WARNING: Dynamic loading of agents will be disallowed by default in a future release
]]></system-err>
  </testcase>
  <testcase name="deleteAddress_wrongUser_throws" classname="com.ecommerce.userservice.UserProfileServiceTest" time="0.186"/>
  <testcase name="updateAddress_addressNotFound_throws" classname="com.ecommerce.userservice.UserProfileServiceTest" time="0.01"/>
  <testcase name="addAddress_success" classname="com.ecommerce.userservice.UserProfileServiceTest" time="0.023">
    <system-out><![CDATA[23:25:31.145 [main] INFO com.ecommerce.userservice.service.UserProfileService -- Added address id=10 for keycloakId=kc-user-123
]]></system-out>
  </testcase>
  <testcase name="updateProfile_notFound_throws" classname="com.ecommerce.userservice.UserProfileServiceTest" time="0.009"/>
  <testcase name="deleteAddress_success" classname="com.ecommerce.userservice.UserProfileServiceTest" time="0.006">
    <system-out><![CDATA[23:25:31.175 [main] INFO com.ecommerce.userservice.service.UserProfileService -- Deleted address id=5 for keycloakId=kc-user-123
]]></system-out>
  </testcase>
  <testcase name="setUserActiveStatus_suspend" classname="com.ecommerce.userservice.UserProfileServiceTest" time="0.01">
    <system-out><![CDATA[23:25:31.183 [main] INFO com.ecommerce.userservice.service.UserProfileService -- Set isActive=false for userId=1
]]></system-out>
  </testcase>
  <testcase name="setUserActiveStatus_notFound_throws" classname="com.ecommerce.userservice.UserProfileServiceTest" time="0.006"/>
  <testcase name="createProfileFromEvent_alreadyExists_skips" classname="com.ecommerce.userservice.UserProfileServiceTest" time="0.009">
    <system-out><![CDATA[23:25:31.203 [main] WARN com.ecommerce.userservice.service.UserProfileService -- Profile already exists for keycloakId=kc-user-123. Skipping.
]]></system-out>
  </testcase>
  <testcase name="setDefaultAddress_success" classname="com.ecommerce.userservice.UserProfileServiceTest" time="0.006"/>
  <testcase name="getProfileByKeycloakId_found" classname="com.ecommerce.userservice.UserProfileServiceTest" time="0.005"/>
  <testcase name="updateAddress_success" classname="com.ecommerce.userservice.UserProfileServiceTest" time="0.006">
    <system-out><![CDATA[23:25:31.225 [main] INFO com.ecommerce.userservice.service.UserProfileService -- Updated address id=5 for keycloakId=kc-user-123
]]></system-out>
  </testcase>
  <testcase name="createProfileFromEvent_success" classname="com.ecommerce.userservice.UserProfileServiceTest" time="0.011">
    <system-out><![CDATA[23:25:31.233 [main] INFO com.ecommerce.userservice.service.UserProfileService -- Created profile for keycloakId=kc-new-user, email=jane@example.com
]]></system-out>
  </testcase>
  <testcase name="updateProfile_success" classname="com.ecommerce.userservice.UserProfileServiceTest" time="0.006">
    <system-out><![CDATA[23:25:31.244 [main] INFO com.ecommerce.userservice.service.UserProfileService -- Updated profile for keycloakId=kc-user-123
]]></system-out>
  </testcase>
  <testcase name="setUserActiveStatus_activate" classname="com.ecommerce.userservice.UserProfileServiceTest" time="0.004">
    <system-out><![CDATA[23:25:31.249 [main] INFO com.ecommerce.userservice.service.UserProfileService -- Set isActive=true for userId=1
]]></system-out>
  </testcase>
  <testcase name="getProfileByKeycloakId_notFound_throws" classname="com.ecommerce.userservice.UserProfileServiceTest" time="0.005"/>
</testsuite>